<?xml version="1.0" encoding="UTF-8"?>
<!-- Generated by org.testng.reporters.JUnitReportReporter -->
<testsuite hostname="DESKTOP-OJULOH6" failures="0" tests="1" name="cucumberOption.testNGTestRunner" time="35.300" errors="0" timestamp="2024-11-11T10:47:38 IST" skipped="0">
  <testcase classname="cucumberOption.testNGTestRunner" name="runScenario" time="35.300"/>
</testsuite> <!-- cucumberOption.testNGTestRunner -->
